<?xml version="1.0" encoding="UTF-8"?>
<coverage generated="1652213508518" clover="3.2.0">
  <project timestamp="1652213508518" name="All files">
    <metrics statements="29" coveredstatements="20" conditionals="14" coveredconditionals="4" methods="25" coveredmethods="14" elements="68" coveredelements="38" complexity="0" loc="29" ncloc="29" packages="5" files="11" classes="11"/>
    <package name="src.components.atoms">
      <metrics statements="5" coveredstatements="5" conditionals="0" coveredconditionals="0" methods="5" coveredmethods="5"/>
      <file name="FooterRadio.vue" path="E:\Front\project\TD\TD\src\components\atoms\FooterRadio.vue">
        <metrics statements="1" coveredstatements="1" conditionals="0" coveredconditionals="0" methods="1" coveredmethods="1"/>
        <line num="1" count="9" type="stmt"/>
      </file>
      <file name="FooterText.vue" path="E:\Front\project\TD\TD\src\components\atoms\FooterText.vue">
        <metrics statements="1" coveredstatements="1" conditionals="0" coveredconditionals="0" methods="1" coveredmethods="1"/>
        <line num="1" count="9" type="stmt"/>
      </file>
      <file name="MainButton.vue" path="E:\Front\project\TD\TD\src\components\atoms\MainButton.vue">
        <metrics statements="1" coveredstatements="1" conditionals="0" coveredconditionals="0" methods="1" coveredmethods="1"/>
        <line num="1" count="9" type="stmt"/>
      </file>
      <file name="MainCheckbox.vue" path="E:\Front\project\TD\TD\src\components\atoms\MainCheckbox.vue">
        <metrics statements="1" coveredstatements="1" conditionals="0" coveredconditionals="0" methods="1" coveredmethods="1"/>
        <line num="1" count="9" type="stmt"/>
      </file>
      <file name="example.js" path="E:\Front\project\TD\TD\src\components\atoms\example.js">
        <metrics statements="1" coveredstatements="1" conditionals="0" coveredconditionals="0" methods="1" coveredmethods="1"/>
        <line num="1" count="1" type="stmt"/>
      </file>
    </package>
    <package name="src.components.molecules">
      <metrics statements="2" coveredstatements="2" conditionals="0" coveredconditionals="0" methods="2" coveredmethods="0"/>
      <file name="FooterButtons.vue" path="E:\Front\project\TD\TD\src\components\molecules\FooterButtons.vue">
        <metrics statements="1" coveredstatements="1" conditionals="0" coveredconditionals="0" methods="1" coveredmethods="0"/>
        <line num="1" count="3" type="stmt"/>
      </file>
      <file name="MainTask.vue" path="E:\Front\project\TD\TD\src\components\molecules\MainTask.vue">
        <metrics statements="1" coveredstatements="1" conditionals="0" coveredconditionals="0" methods="1" coveredmethods="0"/>
        <line num="1" count="3" type="stmt"/>
      </file>
    </package>
    <package name="src.components.organisms">
      <metrics statements="2" coveredstatements="2" conditionals="3" coveredconditionals="1" methods="2" coveredmethods="2"/>
      <file name="Footer.vue" path="E:\Front\project\TD\TD\src\components\organisms\Footer.vue">
        <metrics statements="1" coveredstatements="1" conditionals="0" coveredconditionals="0" methods="1" coveredmethods="1"/>
        <line num="1" count="6" type="stmt"/>
      </file>
      <file name="Main.vue" path="E:\Front\project\TD\TD\src\components\organisms\Main.vue">
        <metrics statements="1" coveredstatements="1" conditionals="3" coveredconditionals="1" methods="1" coveredmethods="1"/>
        <line num="1" count="8" type="cond" truecount="1" falsecount="2"/>
      </file>
    </package>
    <package name="src.store.modules">
      <metrics statements="20" coveredstatements="11" conditionals="11" coveredconditionals="3" methods="16" coveredmethods="7"/>
      <file name="tasks.js" path="E:\Front\project\TD\TD\src\store\modules\tasks.js">
        <metrics statements="20" coveredstatements="11" conditionals="11" coveredconditionals="3" methods="16" coveredmethods="7"/>
        <line num="26" count="0" type="stmt"/>
        <line num="29" count="0" type="stmt"/>
        <line num="32" count="0" type="stmt"/>
        <line num="35" count="0" type="cond" truecount="0" falsecount="3"/>
        <line num="37" count="0" type="stmt"/>
        <line num="39" count="0" type="stmt"/>
        <line num="41" count="0" type="stmt"/>
        <line num="47" count="1" type="cond" truecount="1" falsecount="1"/>
        <line num="48" count="1" type="stmt"/>
        <line num="53" count="1" type="stmt"/>
        <line num="57" count="2" type="stmt"/>
        <line num="58" count="1" type="stmt"/>
        <line num="61" count="1" type="stmt"/>
        <line num="62" count="2" type="cond" truecount="1" falsecount="1"/>
        <line num="64" count="1" type="stmt"/>
        <line num="67" count="1" type="stmt"/>
        <line num="68" count="3" type="cond" truecount="1" falsecount="1"/>
        <line num="72" count="1" type="stmt"/>
        <line num="75" count="0" type="cond" truecount="0" falsecount="2"/>
        <line num="80" count="0" type="stmt"/>
      </file>
    </package>
    <package name="tests.unit.store">
      <metrics statements="0" coveredstatements="0" conditionals="0" coveredconditionals="0" methods="0" coveredmethods="0"/>
      <file name="store.cfg.js" path="E:\Front\project\TD\TD\tests\unit\store\store.cfg.js">
        <metrics statements="0" coveredstatements="0" conditionals="0" coveredconditionals="0" methods="0" coveredmethods="0"/>
      </file>
    </package>
  </project>
</coverage>
