{"E:\\Front\\project\\TD\\TD\\src\\components\\atoms\\FooterRadio.vue": {"path":"E:\\Front\\project\\TD\\TD\\src\\components\\atoms\\FooterRadio.vue","statementMap":{"0":{"start":{"line":1,"column":0},"end":{"line":1,"column":null}}},"fnMap":{"0":{"name":"(anonymous_0)","decl":{"start":{"line":1,"column":0},"end":{"line":1,"column":null}},"loc":{"start":{"line":1,"column":0},"end":{"line":1,"column":null}}}},"branchMap":{},"s":{"0":9},"f":{"0":1},"b":{}}
,"E:\\Front\\project\\TD\\TD\\src\\components\\atoms\\FooterText.vue": {"path":"E:\\Front\\project\\TD\\TD\\src\\components\\atoms\\FooterText.vue","statementMap":{"0":{"start":{"line":1,"column":0},"end":{"line":1,"column":null}}},"fnMap":{"0":{"name":"(anonymous_0)","decl":{"start":{"line":1,"column":0},"end":{"line":1,"column":null}},"loc":{"start":{"line":1,"column":0},"end":{"line":1,"column":null}}}},"branchMap":{},"s":{"0":9},"f":{"0":1},"b":{}}
,"E:\\Front\\project\\TD\\TD\\src\\components\\atoms\\MainButton.vue": {"path":"E:\\Front\\project\\TD\\TD\\src\\components\\atoms\\MainButton.vue","statementMap":{"0":{"start":{"line":1,"column":0},"end":{"line":1,"column":null}}},"fnMap":{"0":{"name":"(anonymous_0)","decl":{"start":{"line":1,"column":0},"end":{"line":1,"column":null}},"loc":{"start":{"line":1,"column":0},"end":{"line":1,"column":null}}}},"branchMap":{},"s":{"0":9},"f":{"0":1},"b":{}}
,"E:\\Front\\project\\TD\\TD\\src\\components\\atoms\\MainCheckbox.vue": {"path":"E:\\Front\\project\\TD\\TD\\src\\components\\atoms\\MainCheckbox.vue","statementMap":{"0":{"start":{"line":1,"column":0},"end":{"line":1,"column":null}}},"fnMap":{"0":{"name":"(anonymous_0)","decl":{"start":{"line":1,"column":0},"end":{"line":1,"column":null}},"loc":{"start":{"line":1,"column":0},"end":{"line":1,"column":null}}}},"branchMap":{},"s":{"0":9},"f":{"0":1},"b":{}}
,"E:\\Front\\project\\TD\\TD\\src\\components\\atoms\\example.js": {"path":"E:\\Front\\project\\TD\\TD\\src\\components\\atoms\\example.js","statementMap":{"0":{"start":{"line":1,"column":19},"end":{"line":1,"column":34}},"1":{"start":{"line":1,"column":29},"end":{"line":1,"column":34}}},"fnMap":{"0":{"name":"(anonymous_0)","decl":{"start":{"line":1,"column":19},"end":{"line":1,"column":20}},"loc":{"start":{"line":1,"column":29},"end":{"line":1,"column":34}},"line":1}},"branchMap":{},"s":{"0":1,"1":1},"f":{"0":1},"b":{},"_coverageSchema":"1a1c01bbd47fc00a2c39e90264f33305004495a9","hash":"f1a920ebf623d17ba8b6ec64880315ac2dd711d2"}
,"E:\\Front\\project\\TD\\TD\\src\\components\\molecules\\FooterButtons.vue": {"path":"E:\\Front\\project\\TD\\TD\\src\\components\\molecules\\FooterButtons.vue","statementMap":{"0":{"start":{"line":1,"column":0},"end":{"line":1,"column":null}}},"fnMap":{"0":{"name":"(anonymous_0)","decl":{"start":{"line":1,"column":0},"end":{"line":1,"column":null}},"loc":{"start":{"line":1,"column":0},"end":{"line":1,"column":null}}}},"branchMap":{},"s":{"0":3},"f":{"0":0},"b":{}}
,"E:\\Front\\project\\TD\\TD\\src\\components\\molecules\\MainTask.vue": {"path":"E:\\Front\\project\\TD\\TD\\src\\components\\molecules\\MainTask.vue","statementMap":{"0":{"start":{"line":1,"column":0},"end":{"line":1,"column":null}}},"fnMap":{"0":{"name":"(anonymous_0)","decl":{"start":{"line":1,"column":0},"end":{"line":1,"column":null}},"loc":{"start":{"line":1,"column":0},"end":{"line":1,"column":null}}}},"branchMap":{},"s":{"0":3},"f":{"0":0},"b":{}}
,"E:\\Front\\project\\TD\\TD\\src\\components\\organisms\\Footer.vue": {"path":"E:\\Front\\project\\TD\\TD\\src\\components\\organisms\\Footer.vue","statementMap":{"0":{"start":{"line":1,"column":0},"end":{"line":1,"column":null}}},"fnMap":{"0":{"name":"(anonymous_0)","decl":{"start":{"line":1,"column":0},"end":{"line":1,"column":null}},"loc":{"start":{"line":1,"column":0},"end":{"line":1,"column":null}}}},"branchMap":{},"s":{"0":6},"f":{"0":1},"b":{}}
,"E:\\Front\\project\\TD\\TD\\src\\components\\organisms\\Main.vue": {"path":"E:\\Front\\project\\TD\\TD\\src\\components\\organisms\\Main.vue","statementMap":{"0":{"start":{"line":1,"column":0},"end":{"line":1,"column":null}}},"fnMap":{"0":{"name":"(anonymous_0)","decl":{"start":{"line":1,"column":0},"end":{"line":1,"column":null}},"loc":{"start":{"line":1,"column":0},"end":{"line":1,"column":null}}}},"branchMap":{"0":{"loc":{"start":{"line":1,"column":0},"end":{"line":1,"column":null}},"type":"cond-expr","locations":[{"start":{"line":1,"column":0},"end":{"line":1,"column":null}},{"start":{"line":1,"column":0},"end":{"line":1,"column":null}}]},"1":{"loc":{"start":{"line":1,"column":0},"end":{"line":1,"column":null}},"type":"if","locations":[{"start":{"line":1,"column":0},"end":{"line":1,"column":null}}]}},"s":{"0":8},"f":{"0":2},"b":{"0":[0,1],"1":[0]}}
,"E:\\Front\\project\\TD\\TD\\src\\store\\modules\\tasks.js": {"path":"E:\\Front\\project\\TD\\TD\\src\\store\\modules\\tasks.js","statementMap":{"0":{"start":{"line":26,"column":6},"end":{"line":26,"column":24}},"1":{"start":{"line":29,"column":6},"end":{"line":29,"column":25}},"2":{"start":{"line":32,"column":6},"end":{"line":32,"column":75}},"3":{"start":{"line":32,"column":42},"end":{"line":32,"column":66}},"4":{"start":{"line":35,"column":6},"end":{"line":42,"column":7}},"5":{"start":{"line":37,"column":10},"end":{"line":37,"column":72}},"6":{"start":{"line":37,"column":46},"end":{"line":37,"column":70}},"7":{"start":{"line":39,"column":10},"end":{"line":39,"column":71}},"8":{"start":{"line":39,"column":46},"end":{"line":39,"column":69}},"9":{"start":{"line":41,"column":10},"end":{"line":41,"column":29}},"10":{"start":{"line":47,"column":6},"end":{"line":54,"column":7}},"11":{"start":{"line":48,"column":8},"end":{"line":52,"column":11}},"12":{"start":{"line":53,"column":8},"end":{"line":53,"column":67}},"13":{"start":{"line":57,"column":6},"end":{"line":57,"column":65}},"14":{"start":{"line":57,"column":49},"end":{"line":57,"column":63}},"15":{"start":{"line":58,"column":6},"end":{"line":58,"column":65}},"16":{"start":{"line":61,"column":6},"end":{"line":63,"column":8}},"17":{"start":{"line":62,"column":8},"end":{"line":62,"column":71}},"18":{"start":{"line":64,"column":6},"end":{"line":64,"column":65}},"19":{"start":{"line":67,"column":6},"end":{"line":71,"column":8}},"20":{"start":{"line":68,"column":8},"end":{"line":70,"column":40}},"21":{"start":{"line":72,"column":6},"end":{"line":72,"column":26}},"22":{"start":{"line":75,"column":6},"end":{"line":75,"column":77}},"23":{"start":{"line":80,"column":6},"end":{"line":80,"column":35}}},"fnMap":{"0":{"name":"(anonymous_0)","decl":{"start":{"line":25,"column":4},"end":{"line":25,"column":5}},"loc":{"start":{"line":25,"column":25},"end":{"line":27,"column":5}},"line":25},"1":{"name":"(anonymous_1)","decl":{"start":{"line":28,"column":4},"end":{"line":28,"column":5}},"loc":{"start":{"line":28,"column":24},"end":{"line":30,"column":5}},"line":28},"2":{"name":"(anonymous_2)","decl":{"start":{"line":31,"column":4},"end":{"line":31,"column":5}},"loc":{"start":{"line":31,"column":26},"end":{"line":33,"column":5}},"line":31},"3":{"name":"(anonymous_3)","decl":{"start":{"line":32,"column":32},"end":{"line":32,"column":33}},"loc":{"start":{"line":32,"column":42},"end":{"line":32,"column":66}},"line":32},"4":{"name":"(anonymous_4)","decl":{"start":{"line":34,"column":4},"end":{"line":34,"column":5}},"loc":{"start":{"line":34,"column":28},"end":{"line":43,"column":5}},"line":34},"5":{"name":"(anonymous_5)","decl":{"start":{"line":37,"column":36},"end":{"line":37,"column":37}},"loc":{"start":{"line":37,"column":46},"end":{"line":37,"column":70}},"line":37},"6":{"name":"(anonymous_6)","decl":{"start":{"line":39,"column":36},"end":{"line":39,"column":37}},"loc":{"start":{"line":39,"column":46},"end":{"line":39,"column":69}},"line":39},"7":{"name":"(anonymous_7)","decl":{"start":{"line":46,"column":4},"end":{"line":46,"column":5}},"loc":{"start":{"line":46,"column":28},"end":{"line":55,"column":5}},"line":46},"8":{"name":"(anonymous_8)","decl":{"start":{"line":56,"column":4},"end":{"line":56,"column":5}},"loc":{"start":{"line":56,"column":26},"end":{"line":59,"column":5}},"line":56},"9":{"name":"(anonymous_9)","decl":{"start":{"line":57,"column":39},"end":{"line":57,"column":40}},"loc":{"start":{"line":57,"column":49},"end":{"line":57,"column":63}},"line":57},"10":{"name":"(anonymous_10)","decl":{"start":{"line":60,"column":4},"end":{"line":60,"column":5}},"loc":{"start":{"line":60,"column":35},"end":{"line":65,"column":5}},"line":60},"11":{"name":"(anonymous_11)","decl":{"start":{"line":61,"column":36},"end":{"line":61,"column":37}},"loc":{"start":{"line":62,"column":8},"end":{"line":62,"column":71}},"line":62},"12":{"name":"(anonymous_12)","decl":{"start":{"line":66,"column":4},"end":{"line":66,"column":5}},"loc":{"start":{"line":66,"column":34},"end":{"line":73,"column":5}},"line":66},"13":{"name":"(anonymous_13)","decl":{"start":{"line":67,"column":34},"end":{"line":67,"column":35}},"loc":{"start":{"line":68,"column":8},"end":{"line":70,"column":40}},"line":68},"14":{"name":"(anonymous_14)","decl":{"start":{"line":74,"column":4},"end":{"line":74,"column":5}},"loc":{"start":{"line":74,"column":26},"end":{"line":76,"column":5}},"line":74},"15":{"name":"(anonymous_15)","decl":{"start":{"line":79,"column":4},"end":{"line":79,"column":5}},"loc":{"start":{"line":79,"column":24},"end":{"line":81,"column":5}},"line":79}},"branchMap":{"0":{"loc":{"start":{"line":35,"column":6},"end":{"line":42,"column":7}},"type":"switch","locations":[{"start":{"line":36,"column":8},"end":{"line":37,"column":72}},{"start":{"line":38,"column":8},"end":{"line":39,"column":71}},{"start":{"line":40,"column":8},"end":{"line":41,"column":29}}],"line":35},"1":{"loc":{"start":{"line":47,"column":6},"end":{"line":54,"column":7}},"type":"if","locations":[{"start":{"line":47,"column":6},"end":{"line":54,"column":7}},{"start":{},"end":{}}],"line":47},"2":{"loc":{"start":{"line":62,"column":8},"end":{"line":62,"column":71}},"type":"cond-expr","locations":[{"start":{"line":62,"column":25},"end":{"line":62,"column":64}},{"start":{"line":62,"column":67},"end":{"line":62,"column":71}}],"line":62},"3":{"loc":{"start":{"line":68,"column":8},"end":{"line":70,"column":40}},"type":"cond-expr","locations":[{"start":{"line":69,"column":12},"end":{"line":69,"column":39}},{"start":{"line":70,"column":12},"end":{"line":70,"column":40}}],"line":68},"4":{"loc":{"start":{"line":75,"column":20},"end":{"line":75,"column":76}},"type":"binary-expr","locations":[{"start":{"line":75,"column":20},"end":{"line":75,"column":61}},{"start":{"line":75,"column":65},"end":{"line":75,"column":76}}],"line":75}},"s":{"0":0,"1":0,"2":0,"3":0,"4":0,"5":0,"6":0,"7":0,"8":0,"9":0,"10":1,"11":1,"12":1,"13":1,"14":2,"15":1,"16":1,"17":2,"18":1,"19":1,"20":3,"21":1,"22":0,"23":0},"f":{"0":0,"1":0,"2":0,"3":0,"4":0,"5":0,"6":0,"7":1,"8":1,"9":2,"10":1,"11":2,"12":1,"13":3,"14":0,"15":0},"b":{"0":[0,0,0],"1":[1,0],"2":[0,2],"3":[0,3],"4":[0,0]},"_coverageSchema":"1a1c01bbd47fc00a2c39e90264f33305004495a9","hash":"393d7b66f2aea54fbf7ad1564abfeab6bc3112a6"}
,"E:\\Front\\project\\TD\\TD\\tests\\unit\\store\\store.cfg.js": {"path":"E:\\Front\\project\\TD\\TD\\tests\\unit\\store\\store.cfg.js","statementMap":{},"fnMap":{},"branchMap":{},"s":{},"f":{},"b":{},"_coverageSchema":"1a1c01bbd47fc00a2c39e90264f33305004495a9","hash":"4da9eb971adc03eecba6e9219a31dac4960767f6"}
}
