{"E:\\Front\\project\\TD\\TD\\src\\components\\atoms\\FooterRadio.vue": {"path":"E:\\Front\\project\\TD\\TD\\src\\components\\atoms\\FooterRadio.vue","statementMap":{"0":{"start":{"line":1,"column":0},"end":{"line":1,"column":null}}},"fnMap":{"0":{"name":"(anonymous_0)","decl":{"start":{"line":1,"column":0},"end":{"line":1,"column":null}},"loc":{"start":{"line":1,"column":0},"end":{"line":1,"column":null}}}},"branchMap":{},"s":{"0":9},"f":{"0":1},"b":{}}
,"E:\\Front\\project\\TD\\TD\\src\\components\\atoms\\FooterText.vue": {"path":"E:\\Front\\project\\TD\\TD\\src\\components\\atoms\\FooterText.vue","statementMap":{"0":{"start":{"line":1,"column":0},"end":{"line":1,"column":null}}},"fnMap":{"0":{"name":"(anonymous_0)","decl":{"start":{"line":1,"column":0},"end":{"line":1,"column":null}},"loc":{"start":{"line":1,"column":0},"end":{"line":1,"column":null}}}},"branchMap":{},"s":{"0":9},"f":{"0":1},"b":{}}
,"E:\\Front\\project\\TD\\TD\\src\\components\\atoms\\MainButton.vue": {"path":"E:\\Front\\project\\TD\\TD\\src\\components\\atoms\\MainButton.vue","statementMap":{"0":{"start":{"line":1,"column":0},"end":{"line":1,"column":null}}},"fnMap":{"0":{"name":"(anonymous_0)","decl":{"start":{"line":1,"column":0},"end":{"line":1,"column":null}},"loc":{"start":{"line":1,"column":0},"end":{"line":1,"column":null}}}},"branchMap":{},"s":{"0":9},"f":{"0":1},"b":{}}
,"E:\\Front\\project\\TD\\TD\\src\\components\\atoms\\MainCheckbox.vue": {"path":"E:\\Front\\project\\TD\\TD\\src\\components\\atoms\\MainCheckbox.vue","statementMap":{"0":{"start":{"line":1,"column":0},"end":{"line":1,"column":null}}},"fnMap":{"0":{"name":"(anonymous_0)","decl":{"start":{"line":1,"column":0},"end":{"line":1,"column":null}},"loc":{"start":{"line":1,"column":0},"end":{"line":1,"column":null}}}},"branchMap":{},"s":{"0":9},"f":{"0":1},"b":{}}
,"E:\\Front\\project\\TD\\TD\\src\\components\\atoms\\example.js": {"path":"E:\\Front\\project\\TD\\TD\\src\\components\\atoms\\example.js","statementMap":{"0":{"start":{"line":1,"column":19},"end":{"line":1,"column":34}},"1":{"start":{"line":1,"column":29},"end":{"line":1,"column":34}}},"fnMap":{"0":{"name":"(anonymous_0)","decl":{"start":{"line":1,"column":19},"end":{"line":1,"column":20}},"loc":{"start":{"line":1,"column":29},"end":{"line":1,"column":34}},"line":1}},"branchMap":{},"s":{"0":1,"1":1},"f":{"0":1},"b":{},"_coverageSchema":"1a1c01bbd47fc00a2c39e90264f33305004495a9","hash":"f1a920ebf623d17ba8b6ec64880315ac2dd711d2"}
,"E:\\Front\\project\\TD\\TD\\src\\components\\molecules\\FooterButtons.vue": {"path":"E:\\Front\\project\\TD\\TD\\src\\components\\molecules\\FooterButtons.vue","statementMap":{"0":{"start":{"line":1,"column":0},"end":{"line":1,"column":null}}},"fnMap":{"0":{"name":"(anonymous_0)","decl":{"start":{"line":1,"column":0},"end":{"line":1,"column":null}},"loc":{"start":{"line":1,"column":0},"end":{"line":1,"column":null}}}},"branchMap":{},"s":{"0":3},"f":{"0":0},"b":{}}
,"E:\\Front\\project\\TD\\TD\\src\\components\\molecules\\MainTask.vue": {"path":"E:\\Front\\project\\TD\\TD\\src\\components\\molecules\\MainTask.vue","statementMap":{"0":{"start":{"line":1,"column":0},"end":{"line":1,"column":null}}},"fnMap":{"0":{"name":"(anonymous_0)","decl":{"start":{"line":1,"column":0},"end":{"line":1,"column":null}},"loc":{"start":{"line":1,"column":0},"end":{"line":1,"column":null}}}},"branchMap":{},"s":{"0":3},"f":{"0":0},"b":{}}
,"E:\\Front\\project\\TD\\TD\\src\\components\\organisms\\Footer.vue": {"path":"E:\\Front\\project\\TD\\TD\\src\\components\\organisms\\Footer.vue","statementMap":{"0":{"start":{"line":1,"column":0},"end":{"line":1,"column":null}}},"fnMap":{"0":{"name":"(anonymous_0)","decl":{"start":{"line":1,"column":0},"end":{"line":1,"column":null}},"loc":{"start":{"line":1,"column":0},"end":{"line":1,"column":null}}}},"branchMap":{},"s":{"0":6},"f":{"0":1},"b":{}}
,"E:\\Front\\project\\TD\\TD\\src\\components\\organisms\\Main.vue": {"path":"E:\\Front\\project\\TD\\TD\\src\\components\\organisms\\Main.vue","statementMap":{"0":{"start":{"line":1,"column":0},"end":{"line":1,"column":null}}},"fnMap":{"0":{"name":"(anonymous_0)","decl":{"start":{"line":1,"column":0},"end":{"line":1,"column":null}},"loc":{"start":{"line":1,"column":0},"end":{"line":1,"column":null}}}},"branchMap":{"0":{"loc":{"start":{"line":1,"column":0},"end":{"line":1,"column":null}},"type":"cond-expr","locations":[{"start":{"line":1,"column":0},"end":{"line":1,"column":null}},{"start":{"line":1,"column":0},"end":{"line":1,"column":null}}]},"1":{"loc":{"start":{"line":1,"column":0},"end":{"line":1,"column":null}},"type":"if","locations":[{"start":{"line":1,"column":0},"end":{"line":1,"column":null}}]}},"s":{"0":8},"f":{"0":2},"b":{"0":[0,1],"1":[0]}}
}
