TN:
SF:src\components\atoms\FooterRadio.vue
FN:1,(anonymous_0)
FNF:1
FNH:1
FNDA:1,(anonymous_0)
DA:1,9
LF:1
LH:1
BRF:0
BRH:0
end_of_record
TN:
SF:src\components\atoms\FooterText.vue
FN:1,(anonymous_0)
FNF:1
FNH:1
FNDA:1,(anonymous_0)
DA:1,9
LF:1
LH:1
BRF:0
BRH:0
end_of_record
TN:
SF:src\components\atoms\MainButton.vue
FN:1,(anonymous_0)
FNF:1
FNH:1
FNDA:1,(anonymous_0)
DA:1,9
LF:1
LH:1
BRF:0
BRH:0
end_of_record
TN:
SF:src\components\atoms\MainCheckbox.vue
FN:1,(anonymous_0)
FNF:1
FNH:1
FNDA:1,(anonymous_0)
DA:1,9
LF:1
LH:1
BRF:0
BRH:0
end_of_record
TN:
SF:src\components\atoms\example.js
FN:1,(anonymous_0)
FNF:1
FNH:1
FNDA:1,(anonymous_0)
DA:1,1
LF:1
LH:1
BRF:0
BRH:0
end_of_record
TN:
SF:src\components\molecules\FooterButtons.vue
FN:1,(anonymous_0)
FNF:1
FNH:0
FNDA:0,(anonymous_0)
DA:1,3
LF:1
LH:1
BRF:0
BRH:0
end_of_record
TN:
SF:src\components\molecules\MainTask.vue
FN:1,(anonymous_0)
FNF:1
FNH:0
FNDA:0,(anonymous_0)
DA:1,3
LF:1
LH:1
BRF:0
BRH:0
end_of_record
TN:
SF:src\components\organisms\Footer.vue
FN:1,(anonymous_0)
FNF:1
FNH:1
FNDA:1,(anonymous_0)
DA:1,6
LF:1
LH:1
BRF:0
BRH:0
end_of_record
TN:
SF:src\components\organisms\Main.vue
FN:1,(anonymous_0)
FNF:1
FNH:1
FNDA:2,(anonymous_0)
DA:1,8
LF:1
LH:1
BRDA:1,0,0,0
BRDA:1,0,1,1
BRDA:1,1,0,0
BRF:3
BRH:1
end_of_record
TN:
SF:src\store\modules\tasks.js
FN:25,(anonymous_0)
FN:28,(anonymous_1)
FN:31,(anonymous_2)
FN:32,(anonymous_3)
FN:34,(anonymous_4)
FN:37,(anonymous_5)
FN:39,(anonymous_6)
FN:46,(anonymous_7)
FN:56,(anonymous_8)
FN:57,(anonymous_9)
FN:60,(anonymous_10)
FN:61,(anonymous_11)
FN:66,(anonymous_12)
FN:67,(anonymous_13)
FN:74,(anonymous_14)
FN:79,(anonymous_15)
FNF:16
FNH:7
FNDA:0,(anonymous_0)
FNDA:0,(anonymous_1)
FNDA:0,(anonymous_2)
FNDA:0,(anonymous_3)
FNDA:0,(anonymous_4)
FNDA:0,(anonymous_5)
FNDA:0,(anonymous_6)
FNDA:1,(anonymous_7)
FNDA:1,(anonymous_8)
FNDA:2,(anonymous_9)
FNDA:1,(anonymous_10)
FNDA:2,(anonymous_11)
FNDA:1,(anonymous_12)
FNDA:3,(anonymous_13)
FNDA:0,(anonymous_14)
FNDA:0,(anonymous_15)
DA:26,0
DA:29,0
DA:32,0
DA:35,0
DA:37,0
DA:39,0
DA:41,0
DA:47,1
DA:48,1
DA:53,1
DA:57,2
DA:58,1
DA:61,1
DA:62,2
DA:64,1
DA:67,1
DA:68,3
DA:72,1
DA:75,0
DA:80,0
LF:20
LH:11
BRDA:35,0,0,0
BRDA:35,0,1,0
BRDA:35,0,2,0
BRDA:47,1,0,1
BRDA:47,1,1,0
BRDA:62,2,0,0
BRDA:62,2,1,2
BRDA:68,3,0,0
BRDA:68,3,1,3
BRDA:75,4,0,0
BRDA:75,4,1,0
BRF:11
BRH:3
end_of_record
TN:
SF:tests\unit\store\store.cfg.js
FNF:0
FNH:0
LF:0
LH:0
BRF:0
BRH:0
end_of_record
